<?xml version="1.0" encoding="UTF-8"?>
<testsuite xmlns:xsi="http://www.w3.org/2001/XMLSchema-instance" xsi:noNamespaceSchemaLocation="https://maven.apache.org/surefire/maven-surefire-plugin/xsd/surefire-test-report-3.0.xsd" version="3.0" name="org.fexisaf.crimerecordmanagementsystem.CrimeRecordManagementSystemApplicationTests" time="20.756" tests="1" errors="0" skipped="0" failures="0">
  <properties>
[...]
</properties>
  <testcase name="contextLoads" classname="org.fexisaf.crimerecordmanagementsystem.CrimeRecordManagementSystemApplicationTests" time="0.92">
    <system-out><![CDATA[Standard Commons Logging discovery in action with spring-jcl: please remove commons-logging.jar from classpath in order to avoid potential conflicts
18:34:32.117 [main] INFO org.springframework.test.context.support.AnnotationConfigContextLoaderUtils -- Could not detect default configuration classes for test class [org.fexisaf.crimerecordmanagementsystem.CrimeRecordManagementSystemApplicationTests]: CrimeRecordManagementSystemApplicationTests does not declare any static, non-private, non-final, nested classes annotated with @Configuration.
18:34:32.407 [main] INFO org.springframework.boot.test.context.SpringBootTestContextBootstrapper -- Found @SpringBootConfiguration org.fexisaf.crimerecordmanagementsystem.CrimeRecordManagementSystemApplication for test class org.fexisaf.crimerecordmanagementsystem.CrimeRecordManagementSystemApplicationTests
18:34:32.839 [main] INFO org.springframework.boot.devtools.restart.RestartApplicationListener -- Restart disabled due to context in which it is running

  .   ____          _            __ _ _
 /\\ / ___'_ __ _ _(_)_ __  __ _ \ \ \ \
( ( )\___ | '_ | '_| | '_ \/ _` | \ \ \ \
 \\/  ___)| |_)| | | | | || (_| |  ) ) ) )
  '  |____| .__|_| |_|_| |_\__, | / / / /
 =========|_|==============|___/=/_/_/_/
 :: Spring Boot ::                (v3.2.4)

2024-04-14T18:34:33.348+01:00  INFO 25032 --- [CrimeRecordManagementSystem] [           main] meRecordManagementSystemApplicationTests : Starting CrimeRecordManagementSystemApplicationTests using Java 21.0.1 with PID 25032 (started by HP in C:\Users\HP\Desktop\CrimeRecordManagementSystem)
2024-04-14T18:34:33.350+01:00  INFO 25032 --- [CrimeRecordManagementSystem] [           main] meRecordManagementSystemApplicationTests : No active profile set, falling back to 1 default profile: "default"
2024-04-14T18:34:35.840+01:00  INFO 25032 --- [CrimeRecordManagementSystem] [           main] .s.d.r.c.RepositoryConfigurationDelegate : Bootstrapping Spring Data JPA repositories in DEFAULT mode.
2024-04-14T18:34:36.524+01:00  INFO 25032 --- [CrimeRecordManagementSystem] [           main] .s.d.r.c.RepositoryConfigurationDelegate : Finished Spring Data repository scanning in 667 ms. Found 25 JPA repository interfaces.
2024-04-14T18:34:38.479+01:00  INFO 25032 --- [CrimeRecordManagementSystem] [           main] o.hibernate.jpa.internal.util.LogHelper  : HHH000204: Processing PersistenceUnitInfo [name: default]
2024-04-14T18:34:38.655+01:00  INFO 25032 --- [CrimeRecordManagementSystem] [           main] org.hibernate.Version                    : HHH000412: Hibernate ORM core version 6.4.4.Final
2024-04-14T18:34:38.769+01:00  INFO 25032 --- [CrimeRecordManagementSystem] [           main] o.h.c.internal.RegionFactoryInitiator    : HHH000026: Second-level cache disabled
2024-04-14T18:34:39.375+01:00  INFO 25032 --- [CrimeRecordManagementSystem] [           main] o.s.o.j.p.SpringPersistenceUnitInfo      : No LoadTimeWeaver setup: ignoring JPA class transformer
2024-04-14T18:34:39.467+01:00  INFO 25032 --- [CrimeRecordManagementSystem] [           main] com.zaxxer.hikari.HikariDataSource       : HikariPool-1 - Starting...
2024-04-14T18:34:39.881+01:00  INFO 25032 --- [CrimeRecordManagementSystem] [           main] com.zaxxer.hikari.pool.HikariPool        : HikariPool-1 - Added connection org.postgresql.jdbc.PgConnection@3de56885
2024-04-14T18:34:39.885+01:00  INFO 25032 --- [CrimeRecordManagementSystem] [           main] com.zaxxer.hikari.HikariDataSource       : HikariPool-1 - Start completed.
2024-04-14T18:34:39.948+01:00  WARN 25032 --- [CrimeRecordManagementSystem] [           main] org.hibernate.orm.deprecation            : HHH90000025: PostgreSQLDialect does not need to be specified explicitly using 'hibernate.dialect' (remove the property setting and it will be selected by default)
2024-04-14T18:34:43.012+01:00  INFO 25032 --- [CrimeRecordManagementSystem] [           main] o.h.e.t.j.p.i.JtaPlatformInitiator       : HHH000489: No JTA platform available (set 'hibernate.transaction.jta.platform' to enable JTA platform integration)
Hibernate: alter table if exists criminal_entity drop constraint if exists UK63i65rr7xh7rvn319wwwg79lc
2024-04-14T18:34:43.116+01:00  WARN 25032 --- [CrimeRecordManagementSystem] [           main] o.h.engine.jdbc.spi.SqlExceptionHelper   : SQL Warning Code: 0, SQLState: 00000
2024-04-14T18:34:43.116+01:00  WARN 25032 --- [CrimeRecordManagementSystem] [           main] o.h.engine.jdbc.spi.SqlExceptionHelper   : constraint "uk63i65rr7xh7rvn319wwwg79lc" of relation "criminal_entity" does not exist, skipping
Hibernate: alter table if exists criminal_entity add constraint UK63i65rr7xh7rvn319wwwg79lc unique (criminal_name, criminal_age, criminal_gender, criminal_address)
Hibernate: alter table if exists head_of_prison_department_entity drop constraint if exists UKeul7x0js819txno351riqskpi
2024-04-14T18:34:43.126+01:00  WARN 25032 --- [CrimeRecordManagementSystem] [           main] o.h.engine.jdbc.spi.SqlExceptionHelper   : SQL Warning Code: 0, SQLState: 00000
2024-04-14T18:34:43.126+01:00  WARN 25032 --- [CrimeRecordManagementSystem] [           main] o.h.engine.jdbc.spi.SqlExceptionHelper   : constraint "ukeul7x0js819txno351riqskpi" of relation "head_of_prison_department_entity" does not exist, skipping
Hibernate: alter table if exists head_of_prison_department_entity add constraint UKeul7x0js819txno351riqskpi unique (department_id, police_station_id)
Hibernate: alter table if exists police_warden_judge_entity drop constraint if exists UKc6x93nts14ypp92hw8mq1dj8d
2024-04-14T18:34:43.130+01:00  WARN 25032 --- [CrimeRecordManagementSystem] [           main] o.h.engine.jdbc.spi.SqlExceptionHelper   : SQL Warning Code: 0, SQLState: 00000
2024-04-14T18:34:43.130+01:00  WARN 25032 --- [CrimeRecordManagementSystem] [           main] o.h.engine.jdbc.spi.SqlExceptionHelper   : constraint "ukc6x93nts14ypp92hw8mq1dj8d" of relation "police_warden_judge_entity" does not exist, skipping
Hibernate: alter table if exists police_warden_judge_entity add constraint UKc6x93nts14ypp92hw8mq1dj8d unique (court_room_id, list_of_court_houses)
Hibernate: alter table if exists punishment_entity drop constraint if exists UKofyuh2dxxx5ujr1s0u56uy2v5
2024-04-14T18:34:43.136+01:00  WARN 25032 --- [CrimeRecordManagementSystem] [           main] o.h.engine.jdbc.spi.SqlExceptionHelper   : SQL Warning Code: 0, SQLState: 00000
2024-04-14T18:34:43.136+01:00  WARN 25032 --- [CrimeRecordManagementSystem] [           main] o.h.engine.jdbc.spi.SqlExceptionHelper   : constraint "ukofyuh2dxxx5ujr1s0u56uy2v5" of relation "punishment_entity" does not exist, skipping
Hibernate: alter table if exists punishment_entity add constraint UKofyuh2dxxx5ujr1s0u56uy2v5 unique (start_date, end_date, punishment_type, criminal_id)
Hibernate: alter table if exists suspect_entity drop constraint if exists UKav587aorbh4j12x931d8yeqr0
2024-04-14T18:34:43.141+01:00  WARN 25032 --- [CrimeRecordManagementSystem] [           main] o.h.engine.jdbc.spi.SqlExceptionHelper   : SQL Warning Code: 0, SQLState: 00000
2024-04-14T18:34:43.141+01:00  WARN 25032 --- [CrimeRecordManagementSystem] [           main] o.h.engine.jdbc.spi.SqlExceptionHelper   : constraint "ukav587aorbh4j12x931d8yeqr0" of relation "suspect_entity" does not exist, skipping
Hibernate: alter table if exists suspect_entity add constraint UKav587aorbh4j12x931d8yeqr0 unique (case_entities, suspect_id)
2024-04-14T18:34:43.585+01:00  INFO 25032 --- [CrimeRecordManagementSystem] [           main] j.LocalContainerEntityManagerFactoryBean : Initialized JPA EntityManagerFactory for persistence unit 'default'
2024-04-14T18:34:44.552+01:00  INFO 25032 --- [CrimeRecordManagementSystem] [           main] o.s.d.j.r.query.QueryEnhancerFactory     : Hibernate is in classpath; If applicable, HQL parser will be used.
2024-04-14T18:34:49.718+01:00  WARN 25032 --- [CrimeRecordManagementSystem] [           main] JpaBaseConfiguration$JpaWebConfiguration : spring.jpa.open-in-view is enabled by default. Therefore, database queries may be performed during view rendering. Explicitly configure spring.jpa.open-in-view to disable this warning
2024-04-14T18:34:50.444+01:00  INFO 25032 --- [CrimeRecordManagementSystem] [           main] o.s.s.web.DefaultSecurityFilterChain     : Will secure any request with [org.springframework.security.web.session.DisableEncodeUrlFilter@4f9e42c4, org.springframework.security.web.context.request.async.WebAsyncManagerIntegrationFilter@5f4ddd09, org.springframework.security.web.context.SecurityContextHolderFilter@68dc6497, org.springframework.security.web.header.HeaderWriterFilter@62ea4894, org.springframework.web.filter.CorsFilter@2a3e1e53, org.springframework.security.web.authentication.logout.LogoutFilter@47df554d, org.fexisaf.crimerecordmanagementsystem.jwtAuthFilter.JwtFilter@7241872c, org.springframework.security.web.savedrequest.RequestCacheAwareFilter@7bb33586, org.springframework.security.web.servletapi.SecurityContextHolderAwareRequestFilter@4884d951, org.springframework.security.web.authentication.AnonymousAuthenticationFilter@25c7713e, org.springframework.security.web.session.SessionManagementFilter@64a768e7, org.springframework.security.web.access.ExceptionTranslationFilter@47742aae, org.springframework.security.web.access.intercept.AuthorizationFilter@5c35267d]
2024-04-14T18:34:51.242+01:00  INFO 25032 --- [CrimeRecordManagementSystem] [           main] meRecordManagementSystemApplicationTests : Started CrimeRecordManagementSystemApplicationTests in 18.438 seconds (process running for 21.222)
Hibernate: select ue1_0.id,ue1_0.home_address,ue1_0.crated_at,ue1_0.date_of_birth,ue1_0.email,ue1_0.first_name,ue1_0.is_verified,ue1_0.last_modified_date,ue1_0.last_name,ue1_0.password,ue1_0.phone_number,ue1_0.role from user_entity ue1_0 where ue1_0.email=?
Super admin 'test@admin.com' already exists. Skipping creation.
]]></system-out>
    <system-err><![CDATA[WARNING: A Java agent has been loaded dynamically (C:\Users\HP\.m2\repository\net\bytebuddy\byte-buddy-agent\1.14.12\byte-buddy-agent-1.14.12.jar)
WARNING: If a serviceability tool is in use, please run with -XX:+EnableDynamicAgentLoading to hide this warning
WARNING: If a serviceability tool is not in use, please run with -Djdk.instrument.traceUsage for more information
WARNING: Dynamic loading of agents will be disallowed by default in a future release
]]></system-err>
  </testcase>
</testsuite>